0 info it worked if it ends with ok
1 verbose cli [ 'c:\\Program Files\\nodejs\\node.exe',
1 verbose cli   'c:\\Program Files\\nodejs\\node_modules\\npm\\bin\\npm-cli.js',
1 verbose cli   'install',
1 verbose cli   'http' ]
2 info using npm@1.2.25
3 info using node@v0.10.10
4 verbose read json c:\Users\John\anglenode\package.json
5 warn package.json yes@0.0.0 No repository field.
6 warn package.json yes@0.0.0 No readme data.
7 verbose read json c:\Users\John\anglenode\node_modules\express\package.json
8 verbose read json c:\Users\John\anglenode\node_modules\node-static\package.json
9 verbose from cache c:\Users\John\anglenode\package.json
10 verbose readDependencies using package.json deps
11 verbose cache add [ 'http', null ]
12 verbose cache add name=undefined spec="http" args=["http",null]
13 verbose parsed url { protocol: null,
13 verbose parsed url   slashes: null,
13 verbose parsed url   auth: null,
13 verbose parsed url   host: null,
13 verbose parsed url   port: null,
13 verbose parsed url   hostname: null,
13 verbose parsed url   hash: null,
13 verbose parsed url   search: null,
13 verbose parsed url   query: null,
13 verbose parsed url   pathname: 'http',
13 verbose parsed url   path: 'http',
13 verbose parsed url   href: 'http' }
14 silly lockFile 77b5f8e3-http http
15 verbose lock http C:\Users\John\AppData\Roaming\npm-cache\77b5f8e3-http.lock
16 silly lockFile 77b5f8e3-http http
17 silly lockFile 77b5f8e3-http http
18 verbose addNamed [ 'http', '' ]
19 verbose addNamed [ null, '' ]
20 silly lockFile c1086ff9-http http@
21 verbose lock http@ C:\Users\John\AppData\Roaming\npm-cache\c1086ff9-http.lock
22 silly addNameRange { name: 'http', range: '', hasData: false }
23 verbose url raw http
24 verbose url resolving [ 'https://registry.npmjs.org/', './http' ]
25 verbose url resolved https://registry.npmjs.org/http
26 info trying registry request attempt 1 at 14:21:18
27 http GET https://registry.npmjs.org/http
28 http 404 https://registry.npmjs.org/http
29 silly registry.get cb [ 404,
29 silly registry.get   { server: 'CouchDB/1.3.0 (Erlang OTP/R15B03)',
29 silly registry.get     date: 'Thu, 06 Jun 2013 18:19:58 GMT',
29 silly registry.get     'content-type': 'application/json',
29 silly registry.get     'content-length': '52',
29 silly registry.get     'cache-control': 'must-revalidate' } ]
30 silly lockFile c1086ff9-http http@
31 silly lockFile c1086ff9-http http@
32 error 404 'http' is not in the npm registry.
32 error 404 You should bug the author to publish it
32 error 404
32 error 404 Note that you can also install from a
32 error 404 tarball, folder, or http url, or git url.
33 error System Windows_NT 6.1.7601
34 error command "c:\\Program Files\\nodejs\\node.exe" "c:\\Program Files\\nodejs\\node_modules\\npm\\bin\\npm-cli.js" "install" "http"
35 error cwd c:\Users\John\anglenode
36 error node -v v0.10.10
37 error npm -v 1.2.25
38 error code E404
39 verbose exit [ 1, true ]
